<?xml version="1.0" encoding="UTF-8" ?>
<testsuite tests="1" failures="0" name="com.zc.cris.mapper.test.MapperTest" time="0.007" errors="1" skipped="0">
  <properties>
[...]
</properties>
  <testcase classname="com.zc.cris.mapper.test.MapperTest" name="test" time="0.007">
    <error message="Error creating bean with name &apos;sqlSessionFactoryBean&apos; defined in class path resource [spring-context.xml]: Invocation of init method failed; nested exception is org.apache.ibatis.builder.BuilderException: Error creating document instance.  Cause: org.xml.sax.SAXParseException; lineNumber: 2; columnNumber: 6; 不允许有匹配 &quot;[xX][mM][lL]&quot; 的处理指令目标。" type="org.springframework.beans.factory.BeanCreationException">org.springframework.beans.factory.BeanCreationException: Error creating bean with name &apos;sqlSessionFactoryBean&apos; defined in class path resource [spring-context.xml]: Invocation of init method failed; nested exception is org.apache.ibatis.builder.BuilderException: Error creating document instance.  Cause: org.xml.sax.SAXParseException; lineNumber: 2; columnNumber: 6; 不允许有匹配 &quot;[xX][mM][lL]&quot; 的处理指令目标。
	at org.springframework.beans.factory.support.AbstractAutowireCapableBeanFactory.initializeBean(AbstractAutowireCapableBeanFactory.java:1628)
	at org.springframework.beans.factory.support.AbstractAutowireCapableBeanFactory.doCreateBean(AbstractAutowireCapableBeanFactory.java:555)
	at org.springframework.beans.factory.support.AbstractAutowireCapableBeanFactory.createBean(AbstractAutowireCapableBeanFactory.java:483)
	at org.springframework.beans.factory.support.AbstractBeanFactory$1.getObject(AbstractBeanFactory.java:306)
	at org.springframework.beans.factory.support.DefaultSingletonBeanRegistry.getSingleton(DefaultSingletonBeanRegistry.java:230)
	at org.springframework.beans.factory.support.AbstractBeanFactory.doGetBean(AbstractBeanFactory.java:302)
	at org.springframework.beans.factory.support.AbstractBeanFactory.getBean(AbstractBeanFactory.java:197)
	at org.springframework.beans.factory.support.DefaultListableBeanFactory.preInstantiateSingletons(DefaultListableBeanFactory.java:742)
	at org.springframework.context.support.AbstractApplicationContext.finishBeanFactoryInitialization(AbstractApplicationContext.java:867)
	at org.springframework.context.support.AbstractApplicationContext.refresh(AbstractApplicationContext.java:543)
	at org.springframework.context.support.ClassPathXmlApplicationContext.&lt;init&gt;(ClassPathXmlApplicationContext.java:139)
	at org.springframework.context.support.ClassPathXmlApplicationContext.&lt;init&gt;(ClassPathXmlApplicationContext.java:83)
	at com.zc.cris.mapper.test.MapperTest.&lt;init&gt;(MapperTest.java:13)
	at sun.reflect.NativeConstructorAccessorImpl.newInstance0(Native Method)
	at sun.reflect.NativeConstructorAccessorImpl.newInstance(NativeConstructorAccessorImpl.java:62)
	at sun.reflect.DelegatingConstructorAccessorImpl.newInstance(DelegatingConstructorAccessorImpl.java:45)
	at java.lang.reflect.Constructor.newInstance(Constructor.java:423)
	at org.junit.runners.BlockJUnit4ClassRunner.createTest(BlockJUnit4ClassRunner.java:178)
	at org.junit.runners.BlockJUnit4ClassRunner$1.runReflectiveCall(BlockJUnit4ClassRunner.java:227)
	at org.junit.internal.runners.model.ReflectiveCallable.run(ReflectiveCallable.java:15)
	at org.junit.runners.BlockJUnit4ClassRunner.methodBlock(BlockJUnit4ClassRunner.java:224)
	at org.junit.runners.BlockJUnit4ClassRunner.runChild(BlockJUnit4ClassRunner.java:69)
	at org.junit.runners.BlockJUnit4ClassRunner.runChild(BlockJUnit4ClassRunner.java:48)
	at org.junit.runners.ParentRunner$3.run(ParentRunner.java:231)
	at org.junit.runners.ParentRunner$1.schedule(ParentRunner.java:60)
	at org.junit.runners.ParentRunner.runChildren(ParentRunner.java:229)
	at org.junit.runners.ParentRunner.access$000(ParentRunner.java:50)
	at org.junit.runners.ParentRunner$2.evaluate(ParentRunner.java:222)
	at org.junit.runners.ParentRunner.run(ParentRunner.java:292)
	at org.apache.maven.surefire.junit4.JUnit4Provider.execute(JUnit4Provider.java:252)
	at org.apache.maven.surefire.junit4.JUnit4Provider.executeTestSet(JUnit4Provider.java:141)
	at org.apache.maven.surefire.junit4.JUnit4Provider.invoke(JUnit4Provider.java:112)
	at sun.reflect.NativeMethodAccessorImpl.invoke0(Native Method)
	at sun.reflect.NativeMethodAccessorImpl.invoke(NativeMethodAccessorImpl.java:62)
	at sun.reflect.DelegatingMethodAccessorImpl.invoke(DelegatingMethodAccessorImpl.java:43)
	at java.lang.reflect.Method.invoke(Method.java:498)
	at org.apache.maven.surefire.util.ReflectionUtils.invokeMethodWithArray(ReflectionUtils.java:189)
	at org.apache.maven.surefire.booter.ProviderFactory$ProviderProxy.invoke(ProviderFactory.java:165)
	at org.apache.maven.surefire.booter.ProviderFactory.invokeProvider(ProviderFactory.java:85)
	at org.apache.maven.surefire.booter.ForkedBooter.runSuitesInProcess(ForkedBooter.java:115)
	at org.apache.maven.surefire.booter.ForkedBooter.main(ForkedBooter.java:75)
Caused by: org.apache.ibatis.builder.BuilderException: Error creating document instance.  Cause: org.xml.sax.SAXParseException; lineNumber: 2; columnNumber: 6; 不允许有匹配 &quot;[xX][mM][lL]&quot; 的处理指令目标。
	at org.apache.ibatis.parsing.XPathParser.createDocument(XPathParser.java:256)
	at org.apache.ibatis.parsing.XPathParser.&lt;init&gt;(XPathParser.java:125)
	at org.apache.ibatis.builder.xml.XMLConfigBuilder.&lt;init&gt;(XMLConfigBuilder.java:75)
	at org.mybatis.spring.SqlSessionFactoryBean.buildSqlSessionFactory(SqlSessionFactoryBean.java:358)
	at org.mybatis.spring.SqlSessionFactoryBean.afterPropertiesSet(SqlSessionFactoryBean.java:340)
	at org.springframework.beans.factory.support.AbstractAutowireCapableBeanFactory.invokeInitMethods(AbstractAutowireCapableBeanFactory.java:1687)
	at org.springframework.beans.factory.support.AbstractAutowireCapableBeanFactory.initializeBean(AbstractAutowireCapableBeanFactory.java:1624)
	... 40 more
Caused by: org.xml.sax.SAXParseException; lineNumber: 2; columnNumber: 6; 不允许有匹配 &quot;[xX][mM][lL]&quot; 的处理指令目标。
	at com.sun.org.apache.xerces.internal.util.ErrorHandlerWrapper.createSAXParseException(ErrorHandlerWrapper.java:203)
	at com.sun.org.apache.xerces.internal.util.ErrorHandlerWrapper.fatalError(ErrorHandlerWrapper.java:177)
	at com.sun.org.apache.xerces.internal.impl.XMLErrorReporter.reportError(XMLErrorReporter.java:400)
	at com.sun.org.apache.xerces.internal.impl.XMLErrorReporter.reportError(XMLErrorReporter.java:327)
	at com.sun.org.apache.xerces.internal.impl.XMLScanner.reportFatalError(XMLScanner.java:1472)
	at com.sun.org.apache.xerces.internal.impl.XMLScanner.scanPIData(XMLScanner.java:746)
	at com.sun.org.apache.xerces.internal.impl.XMLDocumentFragmentScannerImpl.scanPIData(XMLDocumentFragmentScannerImpl.java:1014)
	at com.sun.org.apache.xerces.internal.impl.XMLScanner.scanPI(XMLScanner.java:714)
	at com.sun.org.apache.xerces.internal.impl.XMLDocumentScannerImpl$PrologDriver.next(XMLDocumentScannerImpl.java:907)
	at com.sun.org.apache.xerces.internal.impl.XMLDocumentScannerImpl.next(XMLDocumentScannerImpl.java:602)
	at com.sun.org.apache.xerces.internal.impl.XMLDocumentFragmentScannerImpl.scanDocument(XMLDocumentFragmentScannerImpl.java:505)
	at com.sun.org.apache.xerces.internal.parsers.XML11Configuration.parse(XML11Configuration.java:842)
	at com.sun.org.apache.xerces.internal.parsers.XML11Configuration.parse(XML11Configuration.java:771)
	at com.sun.org.apache.xerces.internal.parsers.XMLParser.parse(XMLParser.java:141)
	at com.sun.org.apache.xerces.internal.parsers.DOMParser.parse(DOMParser.java:243)
	at com.sun.org.apache.xerces.internal.jaxp.DocumentBuilderImpl.parse(DocumentBuilderImpl.java:339)
	at org.apache.ibatis.parsing.XPathParser.createDocument(XPathParser.java:254)
	... 46 more
</error>
    <system-out>[DEBUG] 2018-04-06 14:22:46,158(1) --&gt; [main] org.springframework.core.env.MutablePropertySources.addLast(MutablePropertySources.java:109): Adding [systemProperties] PropertySource with lowest search precedence  
[DEBUG] 2018-04-06 14:22:46,167(10) --&gt; [main] org.springframework.core.env.MutablePropertySources.addLast(MutablePropertySources.java:109): Adding [systemEnvironment] PropertySource with lowest search precedence  
[DEBUG] 2018-04-06 14:22:46,167(10) --&gt; [main] org.springframework.core.env.AbstractEnvironment.&lt;init&gt;(AbstractEnvironment.java:124): Initialized StandardEnvironment with PropertySources [systemProperties,systemEnvironment]  
[INFO ] 2018-04-06 14:22:46,173(16) --&gt; [main] org.springframework.context.support.AbstractApplicationContext.prepareRefresh(AbstractApplicationContext.java:583): Refreshing org.springframework.context.support.ClassPathXmlApplicationContext@2ff4f00f: startup date [Fri Apr 06 14:22:46 CST 2018]; root of context hierarchy  
[DEBUG] 2018-04-06 14:22:46,220(63) --&gt; [main] org.springframework.core.env.MutablePropertySources.addLast(MutablePropertySources.java:109): Adding [systemProperties] PropertySource with lowest search precedence  
[DEBUG] 2018-04-06 14:22:46,220(63) --&gt; [main] org.springframework.core.env.MutablePropertySources.addLast(MutablePropertySources.java:109): Adding [systemEnvironment] PropertySource with lowest search precedence  
[DEBUG] 2018-04-06 14:22:46,221(64) --&gt; [main] org.springframework.core.env.AbstractEnvironment.&lt;init&gt;(AbstractEnvironment.java:124): Initialized StandardEnvironment with PropertySources [systemProperties,systemEnvironment]  
[INFO ] 2018-04-06 14:22:46,229(72) --&gt; [main] org.springframework.beans.factory.xml.XmlBeanDefinitionReader.loadBeanDefinitions(XmlBeanDefinitionReader.java:317): Loading XML bean definitions from class path resource [spring-context.xml]  
[DEBUG] 2018-04-06 14:22:46,247(90) --&gt; [main] org.springframework.beans.factory.xml.DefaultDocumentLoader.loadDocument(DefaultDocumentLoader.java:73): Using JAXP provider [com.sun.org.apache.xerces.internal.jaxp.DocumentBuilderFactoryImpl]  
[DEBUG] 2018-04-06 14:22:46,300(143) --&gt; [main] org.springframework.beans.factory.xml.PluggableSchemaResolver.getSchemaMappings(PluggableSchemaResolver.java:141): Loading schema mappings from [META-INF/spring.schemas]  
[DEBUG] 2018-04-06 14:22:46,310(153) --&gt; [main] org.springframework.beans.factory.xml.PluggableSchemaResolver.getSchemaMappings(PluggableSchemaResolver.java:147): Loaded schema mappings: {http://www.springframework.org/schema/tx/spring-tx-4.3.xsd=org/springframework/transaction/config/spring-tx-4.3.xsd, http://www.springframework.org/schema/tx/spring-tx-2.5.xsd=org/springframework/transaction/config/spring-tx-2.5.xsd, http://www.springframework.org/schema/cache/spring-cache-4.2.xsd=org/springframework/cache/config/spring-cache-4.2.xsd, http://www.springframework.org/schema/aop/spring-aop-4.1.xsd=org/springframework/aop/config/spring-aop-4.1.xsd, http://www.springframework.org/schema/context/spring-context-3.1.xsd=org/springframework/context/config/spring-context-3.1.xsd, http://www.springframework.org/schema/jdbc/spring-jdbc-4.1.xsd=org/springframework/jdbc/config/spring-jdbc-4.1.xsd, http://www.springframework.org/schema/util/spring-util-3.0.xsd=org/springframework/beans/factory/xml/spring-util-3.0.xsd, http://www.springframework.org/schema/tool/spring-tool.xsd=org/springframework/beans/factory/xml/spring-tool-4.3.xsd, http://www.springframework.org/schema/aop/spring-aop-3.2.xsd=org/springframework/aop/config/spring-aop-3.2.xsd, http://mybatis.org/schema/mybatis-spring-1.2.xsd=org/mybatis/spring/config/mybatis-spring-1.2.xsd, http://www.springframework.org/schema/lang/spring-lang-4.1.xsd=org/springframework/scripting/config/spring-lang-4.1.xsd, http://www.springframework.org/schema/context/spring-context-4.0.xsd=org/springframework/context/config/spring-context-4.0.xsd, http://www.springframework.org/schema/beans/spring-beans-4.2.xsd=org/springframework/beans/factory/xml/spring-beans-4.2.xsd, http://www.springframework.org/schema/tool/spring-tool-4.1.xsd=org/springframework/beans/factory/xml/spring-tool-4.1.xsd, http://www.springframework.org/schema/lang/spring-lang-3.2.xsd=org/springframework/scripting/config/spring-lang-3.2.xsd, http://www.springframework.org/schema/cache/spring-cache-3.2.xsd=org/springframework/cache/config/spring-cache-3.2.xsd, http://www.springframework.org/schema/jee/spring-jee-4.1.xsd=org/springframework/ejb/config/spring-jee-4.1.xsd, http://www.springframework.org/schema/jdbc/spring-jdbc-3.1.xsd=org/springframework/jdbc/config/spring-jdbc-3.1.xsd, http://www.springframework.org/schema/util/spring-util-2.0.xsd=org/springframework/beans/factory/xml/spring-util-2.0.xsd, http://www.springframework.org/schema/task/spring-task-4.2.xsd=org/springframework/scheduling/config/spring-task-4.2.xsd, http://www.springframework.org/schema/tool/spring-tool-3.2.xsd=org/springframework/beans/factory/xml/spring-tool-3.2.xsd, http://www.springframework.org/schema/context/spring-context.xsd=org/springframework/context/config/spring-context-4.3.xsd, http://www.springframework.org/schema/tx/spring-tx-4.2.xsd=org/springframework/transaction/config/spring-tx-4.2.xsd, http://www.springframework.org/schema/cache/spring-cache-4.1.xsd=org/springframework/cache/config/spring-cache-4.1.xsd, http://www.springframework.org/schema/aop/spring-aop-4.0.xsd=org/springframework/aop/config/spring-aop-4.0.xsd, http://www.springframework.org/schema/jee/spring-jee-3.2.xsd=org/springframework/ejb/config/spring-jee-3.2.xsd, http://www.springframework.org/schema/context/spring-context-3.0.xsd=org/springframework/context/config/spring-context-3.0.xsd, http://www.springframework.org/schema/jdbc/spring-jdbc-4.0.xsd=org/springframework/jdbc/config/spring-jdbc-4.0.xsd, http://www.springframework.org/schema/util/spring-util-4.3.xsd=org/springframework/beans/factory/xml/spring-util-4.3.xsd, http://www.springframework.org/schema/util/spring-util-2.5.xsd=org/springframework/beans/factory/xml/spring-util-2.5.xsd, http://www.springframework.org/schema/beans/spring-beans-3.2.xsd=org/springframework/beans/factory/xml/spring-beans-3.2.xsd, http://www.springframework.org/schema/aop/spring-aop-3.1.xsd=org/springframework/aop/config/spring-aop-3.1.xsd, http://www.springframework.org/schema/lang/spring-lang-4.0.xsd=org/springframework/scripting/config/spring-lang-4.0.xsd, http://www.springframework.org/schema/beans/spring-beans-4.1.xsd=org/springframework/beans/factory/xml/spring-beans-4.1.xsd, http://www.springframework.org/schema/tool/spring-tool-4.0.xsd=org/springframework/beans/factory/xml/spring-tool-4.0.xsd, http://www.springframework.org/schema/tx/spring-tx-3.2.xsd=org/springframework/transaction/config/spring-tx-3.2.xsd, http://www.springframework.org/schema/lang/spring-lang-3.1.xsd=org/springframework/scripting/config/spring-lang-3.1.xsd, http://www.springframework.org/schema/cache/spring-cache-3.1.xsd=org/springframework/cache/config/spring-cache-3.1.xsd, http://www.springframework.org/schema/jee/spring-jee-4.0.xsd=org/springframework/ejb/config/spring-jee-4.0.xsd, http://www.springframework.org/schema/jdbc/spring-jdbc-3.0.xsd=org/springframework/jdbc/config/spring-jdbc-3.0.xsd, http://www.springframework.org/schema/task/spring-task-4.1.xsd=org/springframework/scheduling/config/spring-task-4.1.xsd, http://www.springframework.org/schema/jdbc/spring-jdbc.xsd=org/springframework/jdbc/config/spring-jdbc-4.3.xsd, http://www.springframework.org/schema/tool/spring-tool-3.1.xsd=org/springframework/beans/factory/xml/spring-tool-3.1.xsd, http://www.springframework.org/schema/tx/spring-tx-4.1.xsd=org/springframework/transaction/config/spring-tx-4.1.xsd, http://www.springframework.org/schema/cache/spring-cache-4.0.xsd=org/springframework/cache/config/spring-cache-4.0.xsd, http://www.springframework.org/schema/jee/spring-jee-3.1.xsd=org/springframework/ejb/config/spring-jee-3.1.xsd, http://www.springframework.org/schema/util/spring-util-4.2.xsd=org/springframework/beans/factory/xml/spring-util-4.2.xsd, http://www.springframework.org/schema/task/spring-task-3.2.xsd=org/springframework/scheduling/config/spring-task-3.2.xsd, http://www.springframework.org/schema/beans/spring-beans-3.1.xsd=org/springframework/beans/factory/xml/spring-beans-3.1.xsd, http://www.springframework.org/schema/util/spring-util.xsd=org/springframework/beans/factory/xml/spring-util-4.3.xsd, http://www.springframework.org/schema/aop/spring-aop-3.0.xsd=org/springframework/aop/config/spring-aop-3.0.xsd, http://www.springframework.org/schema/beans/spring-beans-4.0.xsd=org/springframework/beans/factory/xml/spring-beans-4.0.xsd, http://www.springframework.org/schema/beans/spring-beans.xsd=org/springframework/beans/factory/xml/spring-beans-4.3.xsd, http://www.springframework.org/schema/tx/spring-tx-3.1.xsd=org/springframework/transaction/config/spring-tx-3.1.xsd, http://www.springframework.org/schema/lang/spring-lang-3.0.xsd=org/springframework/scripting/config/spring-lang-3.0.xsd, http://mybatis.org/schema/mybatis-spring.xsd=org/mybatis/spring/config/mybatis-spring-1.2.xsd, http://www.springframework.org/schema/context/spring-context-2.5.xsd=org/springframework/context/config/spring-context-2.5.xsd, http://www.springframework.org/schema/context/spring-context-4.3.xsd=org/springframework/context/config/spring-context-4.3.xsd, http://www.springframework.org/schema/task/spring-task-4.0.xsd=org/springframework/scheduling/config/spring-task-4.0.xsd, http://www.springframework.org/schema/tool/spring-tool-3.0.xsd=org/springframework/beans/factory/xml/spring-tool-3.0.xsd, http://www.springframework.org/schema/tx/spring-tx-4.0.xsd=org/springframework/transaction/config/spring-tx-4.0.xsd, http://www.springframework.org/schema/aop/spring-aop-2.0.xsd=org/springframework/aop/config/spring-aop-2.0.xsd, http://www.springframework.org/schema/jee/spring-jee-3.0.xsd=org/springframework/ejb/config/spring-jee-3.0.xsd, http://www.springframework.org/schema/util/spring-util-4.1.xsd=org/springframework/beans/factory/xml/spring-util-4.1.xsd, http://www.springframework.org/schema/task/spring-task-3.1.xsd=org/springframework/scheduling/config/spring-task-3.1.xsd, http://www.springframework.org/schema/beans/spring-beans-3.0.xsd=org/springframework/beans/factory/xml/spring-beans-3.0.xsd, http://www.springframework.org/schema/jee/spring-jee.xsd=org/springframework/ejb/config/spring-jee-4.3.xsd, http://www.springframework.org/schema/aop/spring-aop-2.5.xsd=org/springframework/aop/config/spring-aop-2.5.xsd, http://www.springframework.org/schema/aop/spring-aop-4.3.xsd=org/springframework/aop/config/spring-aop-4.3.xsd, http://www.springframework.org/schema/lang/spring-lang-2.0.xsd=org/springframework/scripting/config/spring-lang-2.0.xsd, http://www.springframework.org/schema/jdbc/spring-jdbc-4.3.xsd=org/springframework/jdbc/config/spring-jdbc-4.3.xsd, http://www.springframework.org/schema/util/spring-util-3.2.xsd=org/springframework/beans/factory/xml/spring-util-3.2.xsd, http://www.springframework.org/schema/task/spring-task.xsd=org/springframework/scheduling/config/spring-task-4.3.xsd, http://www.springframework.org/schema/tool/spring-tool-2.0.xsd=org/springframework/beans/factory/xml/spring-tool-2.0.xsd, http://www.springframework.org/schema/tx/spring-tx-3.0.xsd=org/springframework/transaction/config/spring-tx-3.0.xsd, http://www.springframework.org/schema/lang/spring-lang-2.5.xsd=org/springframework/scripting/config/spring-lang-2.5.xsd, http://www.springframework.org/schema/lang/spring-lang-4.3.xsd=org/springframework/scripting/config/spring-lang-4.3.xsd, http://www.springframework.org/schema/context/spring-context-4.2.xsd=org/springframework/context/config/spring-context-4.2.xsd, http://www.springframework.org/schema/jee/spring-jee-2.0.xsd=org/springframework/ejb/config/spring-jee-2.0.xsd, http://www.springframework.org/schema/tool/spring-tool-4.3.xsd=org/springframework/beans/factory/xml/spring-tool-4.3.xsd, http://www.springframework.org/schema/tool/spring-tool-2.5.xsd=org/springframework/beans/factory/xml/spring-tool-2.5.xsd, http://www.springframework.org/schema/jee/spring-jee-4.3.xsd=org/springframework/ejb/config/spring-jee-4.3.xsd, http://www.springframework.org/schema/jee/spring-jee-2.5.xsd=org/springframework/ejb/config/spring-jee-2.5.xsd, http://www.springframework.org/schema/util/spring-util-4.0.xsd=org/springframework/beans/factory/xml/spring-util-4.0.xsd, http://www.springframework.org/schema/task/spring-task-3.0.xsd=org/springframework/scheduling/config/spring-task-3.0.xsd, http://www.springframework.org/schema/cache/spring-cache-4.3.xsd=org/springframework/cache/config/spring-cache-4.3.xsd, http://www.springframework.org/schema/aop/spring-aop-4.2.xsd=org/springframework/aop/config/spring-aop-4.2.xsd, http://www.springframework.org/schema/lang/spring-lang.xsd=org/springframework/scripting/config/spring-lang-4.3.xsd, http://www.springframework.org/schema/context/spring-context-3.2.xsd=org/springframework/context/config/spring-context-3.2.xsd, http://www.springframework.org/schema/jdbc/spring-jdbc-4.2.xsd=org/springframework/jdbc/config/spring-jdbc-4.2.xsd, http://www.springframework.org/schema/util/spring-util-3.1.xsd=org/springframework/beans/factory/xml/spring-util-3.1.xsd, http://www.springframework.org/schema/beans/spring-beans-2.0.xsd=org/springframework/beans/factory/xml/spring-beans-2.0.xsd, http://www.springframework.org/schema/cache/spring-cache.xsd=org/springframework/cache/config/spring-cache-4.3.xsd, http://www.springframework.org/schema/tx/spring-tx.xsd=org/springframework/transaction/config/spring-tx-4.3.xsd, http://www.springframework.org/schema/lang/spring-lang-4.2.xsd=org/springframework/scripting/config/spring-lang-4.2.xsd, http://www.springframework.org/schema/context/spring-context-4.1.xsd=org/springframework/context/config/spring-context-4.1.xsd, http://www.springframework.org/schema/beans/spring-beans-2.5.xsd=org/springframework/beans/factory/xml/spring-beans-2.5.xsd, http://www.springframework.org/schema/beans/spring-beans-4.3.xsd=org/springframework/beans/factory/xml/spring-beans-4.3.xsd, http://www.springframework.org/schema/tool/spring-tool-4.2.xsd=org/springframework/beans/factory/xml/spring-tool-4.2.xsd, http://www.springframework.org/schema/tx/spring-tx-2.0.xsd=org/springframework/transaction/config/spring-tx-2.0.xsd, http://www.springframework.org/schema/jee/spring-jee-4.2.xsd=org/springframework/ejb/config/spring-jee-4.2.xsd, http://www.springframework.org/schema/jdbc/spring-jdbc-3.2.xsd=org/springframework/jdbc/config/spring-jdbc-3.2.xsd, http://www.springframework.org/schema/task/spring-task-4.3.xsd=org/springframework/scheduling/config/spring-task-4.3.xsd, http://www.springframework.org/schema/aop/spring-aop.xsd=org/springframework/aop/config/spring-aop-4.3.xsd}  
[DEBUG] 2018-04-06 14:22:46,319(162) --&gt; [main] org.springframework.beans.factory.xml.PluggableSchemaResolver.resolveEntity(PluggableSchemaResolver.java:119): Found XML schema [http://www.springframework.org/schema/beans/spring-beans.xsd] in classpath: org/springframework/beans/factory/xml/spring-beans-4.3.xsd  
[DEBUG] 2018-04-06 14:22:46,374(217) --&gt; [main] org.springframework.beans.factory.xml.PluggableSchemaResolver.resolveEntity(PluggableSchemaResolver.java:119): Found XML schema [http://www.springframework.org/schema/context/spring-context-4.3.xsd] in classpath: org/springframework/context/config/spring-context-4.3.xsd  
[DEBUG] 2018-04-06 14:22:46,385(228) --&gt; [main] org.springframework.beans.factory.xml.PluggableSchemaResolver.resolveEntity(PluggableSchemaResolver.java:119): Found XML schema [http://www.springframework.org/schema/tool/spring-tool-4.3.xsd] in classpath: org/springframework/beans/factory/xml/spring-tool-4.3.xsd  
[DEBUG] 2018-04-06 14:22:46,396(239) --&gt; [main] org.springframework.beans.factory.xml.PluggableSchemaResolver.resolveEntity(PluggableSchemaResolver.java:119): Found XML schema [http://www.springframework.org/schema/aop/spring-aop-4.3.xsd] in classpath: org/springframework/aop/config/spring-aop-4.3.xsd  
[DEBUG] 2018-04-06 14:22:46,403(246) --&gt; [main] org.springframework.beans.factory.xml.PluggableSchemaResolver.resolveEntity(PluggableSchemaResolver.java:119): Found XML schema [http://www.springframework.org/schema/tx/spring-tx-4.3.xsd] in classpath: org/springframework/transaction/config/spring-tx-4.3.xsd  
[DEBUG] 2018-04-06 14:22:46,414(257) --&gt; [main] org.springframework.beans.factory.xml.DefaultBeanDefinitionDocumentReader.registerBeanDefinitions(DefaultBeanDefinitionDocumentReader.java:92): Loading bean definitions  
[DEBUG] 2018-04-06 14:22:46,424(267) --&gt; [main] org.springframework.beans.factory.xml.DefaultNamespaceHandlerResolver.getHandlerMappings(DefaultNamespaceHandlerResolver.java:157): Loaded NamespaceHandler mappings: {http://www.springframework.org/schema/p=org.springframework.beans.factory.xml.SimplePropertyNamespaceHandler, http://www.springframework.org/schema/util=org.springframework.beans.factory.xml.UtilNamespaceHandler, http://www.springframework.org/schema/jee=org.springframework.ejb.config.JeeNamespaceHandler, http://www.springframework.org/schema/aop=org.springframework.aop.config.AopNamespaceHandler, http://www.springframework.org/schema/jdbc=org.springframework.jdbc.config.JdbcNamespaceHandler, http://www.springframework.org/schema/cache=org.springframework.cache.config.CacheNamespaceHandler, http://mybatis.org/schema/mybatis-spring=org.mybatis.spring.config.NamespaceHandler, http://www.springframework.org/schema/c=org.springframework.beans.factory.xml.SimpleConstructorNamespaceHandler, http://www.springframework.org/schema/tx=org.springframework.transaction.config.TxNamespaceHandler, http://www.springframework.org/schema/task=org.springframework.scheduling.config.TaskNamespaceHandler, http://www.springframework.org/schema/lang=org.springframework.scripting.config.LangNamespaceHandler, http://www.springframework.org/schema/context=org.springframework.context.config.ContextNamespaceHandler}  
[DEBUG] 2018-04-06 14:22:46,442(285) --&gt; [main] org.springframework.beans.factory.xml.BeanDefinitionParserDelegate.parseBeanDefinitionElement(BeanDefinitionParserDelegate.java:481): Neither XML &apos;id&apos; nor &apos;name&apos; specified - using generated bean name [tk.mybatis.spring.mapper.MapperScannerConfigurer#0]  
[DEBUG] 2018-04-06 14:22:46,455(298) --&gt; [main] org.springframework.core.io.support.PathMatchingResourcePatternResolver.findAllClassPathResources(PathMatchingResourcePatternResolver.java:318): Resolved classpath location [com/zc/cris/mapper/services/] to resources [URL [file:/C:/File/eclipse_workspace/Spring_Mapper_Common/target/classes/com/zc/cris/mapper/services/]]  
[DEBUG] 2018-04-06 14:22:46,456(299) --&gt; [main] org.springframework.core.io.support.PathMatchingResourcePatternResolver.doFindMatchingFileSystemResources(PathMatchingResourcePatternResolver.java:713): Looking for matching resources in directory tree [C:\File\eclipse_workspace\Spring_Mapper_Common\target\classes\com\zc\cris\mapper\services]  
[DEBUG] 2018-04-06 14:22:46,456(299) --&gt; [main] org.springframework.core.io.support.PathMatchingResourcePatternResolver.doRetrieveMatchingFiles(PathMatchingResourcePatternResolver.java:775): Searching directory [C:\File\eclipse_workspace\Spring_Mapper_Common\target\classes\com\zc\cris\mapper\services] for files matching pattern [C:/File/eclipse_workspace/Spring_Mapper_Common/target/classes/com/zc/cris/mapper/services/**/*.class]  
[DEBUG] 2018-04-06 14:22:46,459(302) --&gt; [main] org.springframework.core.io.support.PathMatchingResourcePatternResolver.findPathMatchingResources(PathMatchingResourcePatternResolver.java:482): Resolved location pattern [classpath*:com/zc/cris/mapper/services/**/*.class] to resources [file [C:\File\eclipse_workspace\Spring_Mapper_Common\target\classes\com\zc\cris\mapper\services\EmployeeService.class]]  
[DEBUG] 2018-04-06 14:22:46,483(326) --&gt; [main] org.springframework.context.annotation.ClassPathScanningCandidateComponentProvider.findCandidateComponents(ClassPathScanningCandidateComponentProvider.java:294): Identified candidate component class: file [C:\File\eclipse_workspace\Spring_Mapper_Common\target\classes\com\zc\cris\mapper\services\EmployeeService.class]  
[DEBUG] 2018-04-06 14:22:46,542(385) --&gt; [main] org.springframework.beans.factory.support.AbstractBeanDefinitionReader.loadBeanDefinitions(AbstractBeanDefinitionReader.java:224): Loaded 16 bean definitions from location pattern [spring-context.xml]  
[DEBUG] 2018-04-06 14:22:46,543(386) --&gt; [main] org.springframework.context.support.AbstractApplicationContext.obtainFreshBeanFactory(AbstractApplicationContext.java:617): Bean factory for org.springframework.context.support.ClassPathXmlApplicationContext@2ff4f00f: org.springframework.beans.factory.support.DefaultListableBeanFactory@44a3ec6b: defining beans [org.springframework.context.support.PropertySourcesPlaceholderConfigurer#0,dataSource,sqlSessionFactoryBean,tk.mybatis.spring.mapper.MapperScannerConfigurer#0,employeeService,org.springframework.context.annotation.internalConfigurationAnnotationProcessor,org.springframework.context.annotation.internalAutowiredAnnotationProcessor,org.springframework.context.annotation.internalRequiredAnnotationProcessor,org.springframework.context.annotation.internalCommonAnnotationProcessor,org.springframework.context.annotation.internalPersistenceAnnotationProcessor,org.springframework.context.event.internalEventListenerProcessor,org.springframework.context.event.internalEventListenerFactory,dataSourceTransactionManager,org.springframework.aop.config.internalAutoProxyCreator,org.springframework.aop.support.DefaultBeanFactoryPointcutAdvisor#0,txAdvice]; root of factory hierarchy  
[DEBUG] 2018-04-06 14:22:46,588(431) --&gt; [main] org.springframework.beans.factory.support.DefaultSingletonBeanRegistry.getSingleton(DefaultSingletonBeanRegistry.java:221): Creating shared instance of singleton bean &apos;org.springframework.context.annotation.internalConfigurationAnnotationProcessor&apos;  
[DEBUG] 2018-04-06 14:22:46,588(431) --&gt; [main] org.springframework.beans.factory.support.AbstractAutowireCapableBeanFactory.createBean(AbstractAutowireCapableBeanFactory.java:449): Creating instance of bean &apos;org.springframework.context.annotation.internalConfigurationAnnotationProcessor&apos;  
[DEBUG] 2018-04-06 14:22:46,602(445) --&gt; [main] org.springframework.beans.factory.support.AbstractAutowireCapableBeanFactory.doCreateBean(AbstractAutowireCapableBeanFactory.java:539): Eagerly caching bean &apos;org.springframework.context.annotation.internalConfigurationAnnotationProcessor&apos; to allow for resolving potential circular references  
[DEBUG] 2018-04-06 14:22:46,604(447) --&gt; [main] org.springframework.beans.factory.support.AbstractAutowireCapableBeanFactory.createBean(AbstractAutowireCapableBeanFactory.java:485): Finished creating instance of bean &apos;org.springframework.context.annotation.internalConfigurationAnnotationProcessor&apos;  
[DEBUG] 2018-04-06 14:22:46,638(481) --&gt; [main] org.springframework.beans.factory.support.DefaultSingletonBeanRegistry.getSingleton(DefaultSingletonBeanRegistry.java:221): Creating shared instance of singleton bean &apos;tk.mybatis.spring.mapper.MapperScannerConfigurer#0&apos;  
[DEBUG] 2018-04-06 14:22:46,638(481) --&gt; [main] org.springframework.beans.factory.support.AbstractAutowireCapableBeanFactory.createBean(AbstractAutowireCapableBeanFactory.java:449): Creating instance of bean &apos;tk.mybatis.spring.mapper.MapperScannerConfigurer#0&apos;  
[DEBUG] 2018-04-06 14:22:46,640(483) --&gt; [main] org.springframework.beans.factory.support.AbstractAutowireCapableBeanFactory.doCreateBean(AbstractAutowireCapableBeanFactory.java:539): Eagerly caching bean &apos;tk.mybatis.spring.mapper.MapperScannerConfigurer#0&apos; to allow for resolving potential circular references  
[DEBUG] 2018-04-06 14:22:46,663(506) --&gt; [main] org.springframework.beans.factory.support.AbstractAutowireCapableBeanFactory.invokeInitMethods(AbstractAutowireCapableBeanFactory.java:1670): Invoking afterPropertiesSet() on bean with name &apos;tk.mybatis.spring.mapper.MapperScannerConfigurer#0&apos;  
[DEBUG] 2018-04-06 14:22:46,663(506) --&gt; [main] org.springframework.beans.factory.support.AbstractAutowireCapableBeanFactory.createBean(AbstractAutowireCapableBeanFactory.java:485): Finished creating instance of bean &apos;tk.mybatis.spring.mapper.MapperScannerConfigurer#0&apos;  
[DEBUG] 2018-04-06 14:22:46,664(507) --&gt; [main] org.springframework.core.env.MutablePropertySources.addLast(MutablePropertySources.java:109): Adding [systemProperties] PropertySource with lowest search precedence  
[DEBUG] 2018-04-06 14:22:46,664(507) --&gt; [main] org.springframework.core.env.MutablePropertySources.addLast(MutablePropertySources.java:109): Adding [systemEnvironment] PropertySource with lowest search precedence  
[DEBUG] 2018-04-06 14:22:46,664(507) --&gt; [main] org.springframework.core.env.AbstractEnvironment.&lt;init&gt;(AbstractEnvironment.java:124): Initialized StandardEnvironment with PropertySources [systemProperties,systemEnvironment]  
[DEBUG] 2018-04-06 14:22:46,666(509) --&gt; [main] org.springframework.core.io.support.PathMatchingResourcePatternResolver.findAllClassPathResources(PathMatchingResourcePatternResolver.java:318): Resolved classpath location [com/zc/cris/mapper/mappers/] to resources [URL [file:/C:/File/eclipse_workspace/Spring_Mapper_Common/target/classes/com/zc/cris/mapper/mappers/]]  
[DEBUG] 2018-04-06 14:22:46,666(509) --&gt; [main] org.springframework.core.io.support.PathMatchingResourcePatternResolver.doFindMatchingFileSystemResources(PathMatchingResourcePatternResolver.java:713): Looking for matching resources in directory tree [C:\File\eclipse_workspace\Spring_Mapper_Common\target\classes\com\zc\cris\mapper\mappers]  
[DEBUG] 2018-04-06 14:22:46,667(510) --&gt; [main] org.springframework.core.io.support.PathMatchingResourcePatternResolver.doRetrieveMatchingFiles(PathMatchingResourcePatternResolver.java:775): Searching directory [C:\File\eclipse_workspace\Spring_Mapper_Common\target\classes\com\zc\cris\mapper\mappers] for files matching pattern [C:/File/eclipse_workspace/Spring_Mapper_Common/target/classes/com/zc/cris/mapper/mappers/**/*.class]  
[DEBUG] 2018-04-06 14:22:46,667(510) --&gt; [main] org.springframework.core.io.support.PathMatchingResourcePatternResolver.findPathMatchingResources(PathMatchingResourcePatternResolver.java:482): Resolved location pattern [classpath*:com/zc/cris/mapper/mappers/**/*.class] to resources [file [C:\File\eclipse_workspace\Spring_Mapper_Common\target\classes\com\zc\cris\mapper\mappers\EmployeeMapper.class]]  
[DEBUG] 2018-04-06 14:22:46,668(511) --&gt; [main] org.springframework.context.annotation.ClassPathScanningCandidateComponentProvider.findCandidateComponents(ClassPathScanningCandidateComponentProvider.java:294): Identified candidate component class: file [C:\File\eclipse_workspace\Spring_Mapper_Common\target\classes\com\zc\cris\mapper\mappers\EmployeeMapper.class]  
[DEBUG] 2018-04-06 14:22:46,668(511) --&gt; [main] tk.mybatis.spring.mapper.ClassPathMapperScanner.processBeanDefinitions(ClassPathMapperScanner.java:156): Creating MapperFactoryBean with name &apos;employeeMapper&apos; and &apos;com.zc.cris.mapper.mappers.EmployeeMapper&apos; mapperInterface  
[DEBUG] 2018-04-06 14:22:46,669(512) --&gt; [main] tk.mybatis.spring.mapper.ClassPathMapperScanner.processBeanDefinitions(ClassPathMapperScanner.java:202): Enabling autowire by type for MapperFactoryBean with name &apos;employeeMapper&apos;.  
[DEBUG] 2018-04-06 14:22:46,670(513) --&gt; [main] org.springframework.beans.factory.support.DefaultSingletonBeanRegistry.getSingleton(DefaultSingletonBeanRegistry.java:221): Creating shared instance of singleton bean &apos;org.springframework.context.support.PropertySourcesPlaceholderConfigurer#0&apos;  
[DEBUG] 2018-04-06 14:22:46,670(513) --&gt; [main] org.springframework.beans.factory.support.AbstractAutowireCapableBeanFactory.createBean(AbstractAutowireCapableBeanFactory.java:449): Creating instance of bean &apos;org.springframework.context.support.PropertySourcesPlaceholderConfigurer#0&apos;  
[DEBUG] 2018-04-06 14:22:46,671(514) --&gt; [main] org.springframework.beans.factory.support.AbstractAutowireCapableBeanFactory.doCreateBean(AbstractAutowireCapableBeanFactory.java:539): Eagerly caching bean &apos;org.springframework.context.support.PropertySourcesPlaceholderConfigurer#0&apos; to allow for resolving potential circular references  
[DEBUG] 2018-04-06 14:22:46,681(524) --&gt; [main] org.springframework.beans.factory.support.AbstractAutowireCapableBeanFactory.createBean(AbstractAutowireCapableBeanFactory.java:485): Finished creating instance of bean &apos;org.springframework.context.support.PropertySourcesPlaceholderConfigurer#0&apos;  
[DEBUG] 2018-04-06 14:22:46,682(525) --&gt; [main] org.springframework.core.env.MutablePropertySources.addLast(MutablePropertySources.java:109): Adding [environmentProperties] PropertySource with lowest search precedence  
[DEBUG] 2018-04-06 14:22:46,682(525) --&gt; [main] org.springframework.core.io.support.PropertiesLoaderSupport.loadProperties(PropertiesLoaderSupport.java:174): Loading properties file from class path resource [jdbc.properties]  
[DEBUG] 2018-04-06 14:22:46,682(525) --&gt; [main] org.springframework.core.env.MutablePropertySources.addLast(MutablePropertySources.java:109): Adding [localProperties] PropertySource with lowest search precedence  
[DEBUG] 2018-04-06 14:22:46,684(527) --&gt; [main] org.springframework.core.env.PropertySourcesPropertyResolver.getProperty(PropertySourcesPropertyResolver.java:91): Could not find key &apos;jdbc.user&apos; in any property source  
[DEBUG] 2018-04-06 14:22:46,684(527) --&gt; [main] org.springframework.core.env.PropertySourcesPropertyResolver.logKeyFound(PropertySourcesPropertyResolver.java:151): Found key &apos;jdbc.user&apos; in [localProperties] with type [String]  
[DEBUG] 2018-04-06 14:22:46,684(527) --&gt; [main] org.springframework.core.env.PropertySourcesPropertyResolver.getProperty(PropertySourcesPropertyResolver.java:91): Could not find key &apos;jdbc.password&apos; in any property source  
[DEBUG] 2018-04-06 14:22:46,685(528) --&gt; [main] org.springframework.core.env.PropertySourcesPropertyResolver.logKeyFound(PropertySourcesPropertyResolver.java:151): Found key &apos;jdbc.password&apos; in [localProperties] with type [String]  
[DEBUG] 2018-04-06 14:22:46,685(528) --&gt; [main] org.springframework.core.env.PropertySourcesPropertyResolver.getProperty(PropertySourcesPropertyResolver.java:91): Could not find key &apos;jdbc.url&apos; in any property source  
[DEBUG] 2018-04-06 14:22:46,685(528) --&gt; [main] org.springframework.core.env.PropertySourcesPropertyResolver.logKeyFound(PropertySourcesPropertyResolver.java:151): Found key &apos;jdbc.url&apos; in [localProperties] with type [String]  
[DEBUG] 2018-04-06 14:22:46,685(528) --&gt; [main] org.springframework.core.env.PropertySourcesPropertyResolver.getProperty(PropertySourcesPropertyResolver.java:91): Could not find key &apos;jdbc.driver&apos; in any property source  
[DEBUG] 2018-04-06 14:22:46,685(528) --&gt; [main] org.springframework.core.env.PropertySourcesPropertyResolver.logKeyFound(PropertySourcesPropertyResolver.java:151): Found key &apos;jdbc.driver&apos; in [localProperties] with type [String]  
[DEBUG] 2018-04-06 14:22:46,687(530) --&gt; [main] org.springframework.beans.factory.support.DefaultSingletonBeanRegistry.getSingleton(DefaultSingletonBeanRegistry.java:221): Creating shared instance of singleton bean &apos;org.springframework.context.annotation.internalAutowiredAnnotationProcessor&apos;  
[DEBUG] 2018-04-06 14:22:46,687(530) --&gt; [main] org.springframework.beans.factory.support.AbstractAutowireCapableBeanFactory.createBean(AbstractAutowireCapableBeanFactory.java:449): Creating instance of bean &apos;org.springframework.context.annotation.internalAutowiredAnnotationProcessor&apos;  
[DEBUG] 2018-04-06 14:22:46,688(531) --&gt; [main] org.springframework.beans.factory.support.AbstractAutowireCapableBeanFactory.doCreateBean(AbstractAutowireCapableBeanFactory.java:539): Eagerly caching bean &apos;org.springframework.context.annotation.internalAutowiredAnnotationProcessor&apos; to allow for resolving potential circular references  
[DEBUG] 2018-04-06 14:22:46,693(536) --&gt; [main] org.springframework.beans.factory.support.AbstractAutowireCapableBeanFactory.createBean(AbstractAutowireCapableBeanFactory.java:485): Finished creating instance of bean &apos;org.springframework.context.annotation.internalAutowiredAnnotationProcessor&apos;  
[DEBUG] 2018-04-06 14:22:46,693(536) --&gt; [main] org.springframework.beans.factory.support.DefaultSingletonBeanRegistry.getSingleton(DefaultSingletonBeanRegistry.java:221): Creating shared instance of singleton bean &apos;org.springframework.context.annotation.internalRequiredAnnotationProcessor&apos;  
[DEBUG] 2018-04-06 14:22:46,694(537) --&gt; [main] org.springframework.beans.factory.support.AbstractAutowireCapableBeanFactory.createBean(AbstractAutowireCapableBeanFactory.java:449): Creating instance of bean &apos;org.springframework.context.annotation.internalRequiredAnnotationProcessor&apos;  
[DEBUG] 2018-04-06 14:22:46,694(537) --&gt; [main] org.springframework.beans.factory.support.AbstractAutowireCapableBeanFactory.doCreateBean(AbstractAutowireCapableBeanFactory.java:539): Eagerly caching bean &apos;org.springframework.context.annotation.internalRequiredAnnotationProcessor&apos; to allow for resolving potential circular references  
[DEBUG] 2018-04-06 14:22:46,697(540) --&gt; [main] org.springframework.beans.factory.support.AbstractAutowireCapableBeanFactory.createBean(AbstractAutowireCapableBeanFactory.java:485): Finished creating instance of bean &apos;org.springframework.context.annotation.internalRequiredAnnotationProcessor&apos;  
[DEBUG] 2018-04-06 14:22:46,698(541) --&gt; [main] org.springframework.beans.factory.support.DefaultSingletonBeanRegistry.getSingleton(DefaultSingletonBeanRegistry.java:221): Creating shared instance of singleton bean &apos;org.springframework.context.annotation.internalCommonAnnotationProcessor&apos;  
[DEBUG] 2018-04-06 14:22:46,698(541) --&gt; [main] org.springframework.beans.factory.support.AbstractAutowireCapableBeanFactory.createBean(AbstractAutowireCapableBeanFactory.java:449): Creating instance of bean &apos;org.springframework.context.annotation.internalCommonAnnotationProcessor&apos;  
[DEBUG] 2018-04-06 14:22:46,701(544) --&gt; [main] org.springframework.beans.factory.support.AbstractAutowireCapableBeanFactory.doCreateBean(AbstractAutowireCapableBeanFactory.java:539): Eagerly caching bean &apos;org.springframework.context.annotation.internalCommonAnnotationProcessor&apos; to allow for resolving potential circular references  
[DEBUG] 2018-04-06 14:22:46,705(548) --&gt; [main] org.springframework.beans.factory.support.AbstractAutowireCapableBeanFactory.createBean(AbstractAutowireCapableBeanFactory.java:485): Finished creating instance of bean &apos;org.springframework.context.annotation.internalCommonAnnotationProcessor&apos;  
[DEBUG] 2018-04-06 14:22:46,706(549) --&gt; [main] org.springframework.beans.factory.support.DefaultSingletonBeanRegistry.getSingleton(DefaultSingletonBeanRegistry.java:221): Creating shared instance of singleton bean &apos;org.springframework.context.annotation.internalPersistenceAnnotationProcessor&apos;  
[DEBUG] 2018-04-06 14:22:46,706(549) --&gt; [main] org.springframework.beans.factory.support.AbstractAutowireCapableBeanFactory.createBean(AbstractAutowireCapableBeanFactory.java:449): Creating instance of bean &apos;org.springframework.context.annotation.internalPersistenceAnnotationProcessor&apos;  
[DEBUG] 2018-04-06 14:22:46,707(550) --&gt; [main] org.springframework.beans.factory.support.AbstractAutowireCapableBeanFactory.doCreateBean(AbstractAutowireCapableBeanFactory.java:539): Eagerly caching bean &apos;org.springframework.context.annotation.internalPersistenceAnnotationProcessor&apos; to allow for resolving potential circular references  
[DEBUG] 2018-04-06 14:22:46,711(554) --&gt; [main] org.springframework.beans.factory.support.AbstractAutowireCapableBeanFactory.createBean(AbstractAutowireCapableBeanFactory.java:485): Finished creating instance of bean &apos;org.springframework.context.annotation.internalPersistenceAnnotationProcessor&apos;  
[DEBUG] 2018-04-06 14:22:46,711(554) --&gt; [main] org.springframework.beans.factory.support.DefaultSingletonBeanRegistry.getSingleton(DefaultSingletonBeanRegistry.java:221): Creating shared instance of singleton bean &apos;org.springframework.aop.config.internalAutoProxyCreator&apos;  
[DEBUG] 2018-04-06 14:22:46,711(554) --&gt; [main] org.springframework.beans.factory.support.AbstractAutowireCapableBeanFactory.createBean(AbstractAutowireCapableBeanFactory.java:449): Creating instance of bean &apos;org.springframework.aop.config.internalAutoProxyCreator&apos;  
[DEBUG] 2018-04-06 14:22:46,720(563) --&gt; [main] org.springframework.beans.factory.support.AbstractAutowireCapableBeanFactory.doCreateBean(AbstractAutowireCapableBeanFactory.java:539): Eagerly caching bean &apos;org.springframework.aop.config.internalAutoProxyCreator&apos; to allow for resolving potential circular references  
[DEBUG] 2018-04-06 14:22:46,729(572) --&gt; [main] org.springframework.beans.factory.support.AbstractAutowireCapableBeanFactory.createBean(AbstractAutowireCapableBeanFactory.java:485): Finished creating instance of bean &apos;org.springframework.aop.config.internalAutoProxyCreator&apos;  
[DEBUG] 2018-04-06 14:22:46,730(573) --&gt; [main] org.springframework.context.support.AbstractApplicationContext.initMessageSource(AbstractApplicationContext.java:734): Unable to locate MessageSource with name &apos;messageSource&apos;: using default [org.springframework.context.support.DelegatingMessageSource@a9cd3b1]  
[DEBUG] 2018-04-06 14:22:46,732(575) --&gt; [main] org.springframework.context.support.AbstractApplicationContext.initApplicationEventMulticaster(AbstractApplicationContext.java:758): Unable to locate ApplicationEventMulticaster with name &apos;applicationEventMulticaster&apos;: using default [org.springframework.context.event.SimpleApplicationEventMulticaster@9353778]  
[DEBUG] 2018-04-06 14:22:46,733(576) --&gt; [main] org.springframework.beans.factory.support.DefaultListableBeanFactory.preInstantiateSingletons(DefaultListableBeanFactory.java:730): Pre-instantiating singletons in org.springframework.beans.factory.support.DefaultListableBeanFactory@44a3ec6b: defining beans [org.springframework.context.support.PropertySourcesPlaceholderConfigurer#0,dataSource,sqlSessionFactoryBean,tk.mybatis.spring.mapper.MapperScannerConfigurer#0,employeeService,org.springframework.context.annotation.internalConfigurationAnnotationProcessor,org.springframework.context.annotation.internalAutowiredAnnotationProcessor,org.springframework.context.annotation.internalRequiredAnnotationProcessor,org.springframework.context.annotation.internalCommonAnnotationProcessor,org.springframework.context.annotation.internalPersistenceAnnotationProcessor,org.springframework.context.event.internalEventListenerProcessor,org.springframework.context.event.internalEventListenerFactory,dataSourceTransactionManager,org.springframework.aop.config.internalAutoProxyCreator,org.springframework.aop.support.DefaultBeanFactoryPointcutAdvisor#0,txAdvice,employeeMapper]; root of factory hierarchy  
[DEBUG] 2018-04-06 14:22:46,733(576) --&gt; [main] org.springframework.beans.factory.support.AbstractBeanFactory.doGetBean(AbstractBeanFactory.java:251): Returning cached instance of singleton bean &apos;org.springframework.context.support.PropertySourcesPlaceholderConfigurer#0&apos;  
[DEBUG] 2018-04-06 14:22:46,733(576) --&gt; [main] org.springframework.beans.factory.support.DefaultSingletonBeanRegistry.getSingleton(DefaultSingletonBeanRegistry.java:221): Creating shared instance of singleton bean &apos;dataSource&apos;  
[DEBUG] 2018-04-06 14:22:46,734(577) --&gt; [main] org.springframework.beans.factory.support.AbstractAutowireCapableBeanFactory.createBean(AbstractAutowireCapableBeanFactory.java:449): Creating instance of bean &apos;dataSource&apos;  
[DEBUG] 2018-04-06 14:22:46,734(577) --&gt; [main] org.springframework.beans.factory.support.DefaultSingletonBeanRegistry.getSingleton(DefaultSingletonBeanRegistry.java:221): Creating shared instance of singleton bean &apos;org.springframework.aop.support.DefaultBeanFactoryPointcutAdvisor#0&apos;  
[DEBUG] 2018-04-06 14:22:46,734(577) --&gt; [main] org.springframework.beans.factory.support.AbstractAutowireCapableBeanFactory.createBean(AbstractAutowireCapableBeanFactory.java:449): Creating instance of bean &apos;org.springframework.aop.support.DefaultBeanFactoryPointcutAdvisor#0&apos;  
[DEBUG] 2018-04-06 14:22:46,735(578) --&gt; [main] org.springframework.beans.factory.support.AbstractAutowireCapableBeanFactory.doCreateBean(AbstractAutowireCapableBeanFactory.java:539): Eagerly caching bean &apos;org.springframework.aop.support.DefaultBeanFactoryPointcutAdvisor#0&apos; to allow for resolving potential circular references  
[DEBUG] 2018-04-06 14:22:46,740(583) --&gt; [main] org.springframework.beans.factory.support.AbstractAutowireCapableBeanFactory.createBean(AbstractAutowireCapableBeanFactory.java:449): Creating instance of bean &apos;(inner bean)#5e82df6a&apos;  
[DEBUG] 2018-04-06 14:22:46,768(611) --&gt; [main] org.springframework.beans.factory.support.AbstractAutowireCapableBeanFactory.createBean(AbstractAutowireCapableBeanFactory.java:485): Finished creating instance of bean &apos;(inner bean)#5e82df6a&apos;  
[DEBUG] 2018-04-06 14:22:46,770(613) --&gt; [main] org.springframework.beans.factory.support.AbstractAutowireCapableBeanFactory.createBean(AbstractAutowireCapableBeanFactory.java:485): Finished creating instance of bean &apos;org.springframework.aop.support.DefaultBeanFactoryPointcutAdvisor#0&apos;  
[DEBUG] 2018-04-06 14:22:47,018(861) --&gt; [main] org.springframework.beans.factory.support.AbstractAutowireCapableBeanFactory.doCreateBean(AbstractAutowireCapableBeanFactory.java:539): Eagerly caching bean &apos;dataSource&apos; to allow for resolving potential circular references  
[DEBUG] 2018-04-06 14:22:47,041(884) --&gt; [main] org.springframework.beans.factory.support.AbstractBeanFactory.doGetBean(AbstractBeanFactory.java:251): Returning cached instance of singleton bean &apos;org.springframework.aop.support.DefaultBeanFactoryPointcutAdvisor#0&apos;  
[DEBUG] 2018-04-06 14:22:47,042(885) --&gt; [main] org.springframework.beans.factory.support.AbstractBeanFactory.doGetBean(AbstractBeanFactory.java:251): Returning cached instance of singleton bean &apos;org.springframework.aop.support.DefaultBeanFactoryPointcutAdvisor#0&apos;  
[DEBUG] 2018-04-06 14:22:47,233(1076) --&gt; [main] org.springframework.beans.factory.support.AbstractAutowireCapableBeanFactory.createBean(AbstractAutowireCapableBeanFactory.java:485): Finished creating instance of bean &apos;dataSource&apos;  
[DEBUG] 2018-04-06 14:22:47,234(1077) --&gt; [main] org.springframework.beans.factory.support.DefaultSingletonBeanRegistry.getSingleton(DefaultSingletonBeanRegistry.java:221): Creating shared instance of singleton bean &apos;sqlSessionFactoryBean&apos;  
[DEBUG] 2018-04-06 14:22:47,234(1077) --&gt; [main] org.springframework.beans.factory.support.AbstractAutowireCapableBeanFactory.createBean(AbstractAutowireCapableBeanFactory.java:449): Creating instance of bean &apos;sqlSessionFactoryBean&apos;  
[DEBUG] 2018-04-06 14:22:47,234(1077) --&gt; [main] org.springframework.beans.factory.support.AbstractBeanFactory.doGetBean(AbstractBeanFactory.java:251): Returning cached instance of singleton bean &apos;org.springframework.aop.support.DefaultBeanFactoryPointcutAdvisor#0&apos;  
[DEBUG] 2018-04-06 14:22:47,250(1093) --&gt; [main] org.apache.ibatis.logging.LogFactory.setImplementation(LogFactory.java:128): Logging initialized using &apos;class org.apache.ibatis.logging.slf4j.Slf4jImpl&apos; adapter.  
[DEBUG] 2018-04-06 14:22:47,252(1095) --&gt; [main] org.springframework.beans.factory.support.AbstractAutowireCapableBeanFactory.doCreateBean(AbstractAutowireCapableBeanFactory.java:539): Eagerly caching bean &apos;sqlSessionFactoryBean&apos; to allow for resolving potential circular references  
[DEBUG] 2018-04-06 14:22:47,255(1098) --&gt; [main] org.springframework.beans.factory.support.AbstractBeanFactory.doGetBean(AbstractBeanFactory.java:251): Returning cached instance of singleton bean &apos;dataSource&apos;  
[DEBUG] 2018-04-06 14:22:47,256(1099) --&gt; [main] org.springframework.beans.factory.support.AbstractAutowireCapableBeanFactory.invokeInitMethods(AbstractAutowireCapableBeanFactory.java:1670): Invoking afterPropertiesSet() on bean with name &apos;sqlSessionFactoryBean&apos;  
[WARN ] 2018-04-06 14:22:47,270(1113) --&gt; [main] org.springframework.context.support.AbstractApplicationContext.refresh(AbstractApplicationContext.java:551): Exception encountered during context initialization - cancelling refresh attempt: org.springframework.beans.factory.BeanCreationException: Error creating bean with name &apos;sqlSessionFactoryBean&apos; defined in class path resource [spring-context.xml]: Invocation of init method failed; nested exception is org.apache.ibatis.builder.BuilderException: Error creating document instance.  Cause: org.xml.sax.SAXParseException; lineNumber: 2; columnNumber: 6; ��������ƥ�� &quot;[xX][mM][lL]&quot; �Ĵ���ָ��Ŀ�ꡣ  
[DEBUG] 2018-04-06 14:22:47,271(1114) --&gt; [main] org.springframework.beans.factory.support.DefaultSingletonBeanRegistry.destroySingletons(DefaultSingletonBeanRegistry.java:512): Destroying singletons in org.springframework.beans.factory.support.DefaultListableBeanFactory@44a3ec6b: defining beans [org.springframework.context.support.PropertySourcesPlaceholderConfigurer#0,dataSource,sqlSessionFactoryBean,tk.mybatis.spring.mapper.MapperScannerConfigurer#0,employeeService,org.springframework.context.annotation.internalConfigurationAnnotationProcessor,org.springframework.context.annotation.internalAutowiredAnnotationProcessor,org.springframework.context.annotation.internalRequiredAnnotationProcessor,org.springframework.context.annotation.internalCommonAnnotationProcessor,org.springframework.context.annotation.internalPersistenceAnnotationProcessor,org.springframework.context.event.internalEventListenerProcessor,org.springframework.context.event.internalEventListenerFactory,dataSourceTransactionManager,org.springframework.aop.config.internalAutoProxyCreator,org.springframework.aop.support.DefaultBeanFactoryPointcutAdvisor#0,txAdvice,employeeMapper]; root of factory hierarchy  
</system-out>
  </testcase>
</testsuite>